<?xml version="1.0" encoding="UTF-8"?>
<testng-results skipped="0" failed="0" ignored="0" total="2" passed="2">
  <reporter-output>
  </reporter-output>
  <suite name="Suite" duration-ms="6782" started-at="2018-03-21T21:33:59Z" finished-at="2018-03-21T21:34:06Z">
    <groups>
    </groups>
    <test name="Test" duration-ms="6782" started-at="2018-03-21T21:33:59Z" finished-at="2018-03-21T21:34:06Z">
      <class name="com.veena.learn.excel.ExcelUtilityTest">
        <test-method status="PASS" signature="executeAll()[pri:0, instance:com.veena.learn.excel.ExcelUtilityTest@29ca901e]" name="executeAll" duration-ms="6725" started-at="2018-03-21T21:33:59Z" finished-at="2018-03-21T21:34:06Z">
          <reporter-output>
          </reporter-output>
        </test-method> <!-- executeAll -->
        <test-method status="PASS" signature="readASheet()[pri:0, instance:com.veena.learn.excel.ExcelUtilityTest@29ca901e]" name="readASheet" duration-ms="38" started-at="2018-03-21T21:34:06Z" finished-at="2018-03-21T21:34:06Z">
          <reporter-output>
          </reporter-output>
        </test-method> <!-- readASheet -->
      </class> <!-- com.veena.learn.excel.ExcelUtilityTest -->
    </test> <!-- Test -->
  </suite> <!-- Suite -->
</testng-results>
